<?xml version="1.0" encoding="UTF-8"?>
<!-- Generated by org.testng.reporters.JUnitReportReporter -->
<testsuite skipped="43" hostname="DESKTOP-AFGBJ45" name="FD360TC.SubmitDriverApplicationNoReport" tests="53" failures="0" timestamp="01 May 2023 14:02:22 GMT" time="32.123" errors="2">
  <testcase name="getResult" time="0.307" classname="FD360TC.SubmitDriverApplicationNoReport">
    <error type="org.openqa.selenium.NoSuchWindowException" message="no such window: target window already closed
from unknown error: web view not found
  (Session info: chrome=112.0.5615.138)
Build info: version: &#039;3.141.59&#039;, revision: &#039;e82be7d358&#039;, time: &#039;2018-11-14T08:25:53&#039;
System info: host: &#039;DESKTOP-AFGBJ45&#039;, ip: &#039;192.168.86.199&#039;, os.name: &#039;Windows 10&#039;, os.arch: &#039;amd64&#039;, os.version: &#039;10.0&#039;, java.version: &#039;1.8.0_202&#039;
Driver info: org.openqa.selenium.chrome.ChromeDriver
Capabilities {acceptInsecureCerts: false, browserName: chrome, browserVersion: 112.0.5615.138, chrome: {chromedriverVersion: 111.0.5563.64 (c710e93d5b63..., userDataDir: C:\Users\VEERES~1\AppData\L...}, goog:chromeOptions: {debuggerAddress: localhost:51400}, javascriptEnabled: true, networkConnectionEnabled: false, pageLoadStrategy: normal, platform: WINDOWS, platformName: WINDOWS, proxy: Proxy(), setWindowRect: true, strictFileInteractability: false, timeouts: {implicit: 0, pageLoad: 300000, script: 30000}, unhandledPromptBehavior: dismiss and notify, webauthn:extension:credBlob: true, webauthn:extension:largeBlob: true, webauthn:extension:minPinLength: true, webauthn:extension:prf: true, webauthn:virtualAuthenticators: true}
Session ID: fe3fcba944fb55a2d105a30935eaa92a">
      <![CDATA[org.openqa.selenium.NoSuchWindowException: no such window: target window already closed
from unknown error: web view not found
  (Session info: chrome=112.0.5615.138)
Build info: version: '3.141.59', revision: 'e82be7d358', time: '2018-11-14T08:25:53'
System info: host: 'DESKTOP-AFGBJ45', ip: '192.168.86.199', os.name: 'Windows 10', os.arch: 'amd64', os.version: '10.0', java.version: '1.8.0_202'
Driver info: org.openqa.selenium.chrome.ChromeDriver
Capabilities {acceptInsecureCerts: false, browserName: chrome, browserVersion: 112.0.5615.138, chrome: {chromedriverVersion: 111.0.5563.64 (c710e93d5b63..., userDataDir: C:\Users\VEERES~1\AppData\L...}, goog:chromeOptions: {debuggerAddress: localhost:51400}, javascriptEnabled: true, networkConnectionEnabled: false, pageLoadStrategy: normal, platform: WINDOWS, platformName: WINDOWS, proxy: Proxy(), setWindowRect: true, strictFileInteractability: false, timeouts: {implicit: 0, pageLoad: 300000, script: 30000}, unhandledPromptBehavior: dismiss and notify, webauthn:extension:credBlob: true, webauthn:extension:largeBlob: true, webauthn:extension:minPinLength: true, webauthn:extension:prf: true, webauthn:virtualAuthenticators: true}
Session ID: fe3fcba944fb55a2d105a30935eaa92a
	at sun.reflect.NativeConstructorAccessorImpl.newInstance0(Native Method)
	at sun.reflect.NativeConstructorAccessorImpl.newInstance(Unknown Source)
	at sun.reflect.DelegatingConstructorAccessorImpl.newInstance(Unknown Source)
	at java.lang.reflect.Constructor.newInstance(Unknown Source)
	at org.openqa.selenium.remote.http.W3CHttpResponseCodec.createException(W3CHttpResponseCodec.java:187)
	at org.openqa.selenium.remote.http.W3CHttpResponseCodec.decode(W3CHttpResponseCodec.java:122)
	at org.openqa.selenium.remote.http.W3CHttpResponseCodec.decode(W3CHttpResponseCodec.java:49)
	at org.openqa.selenium.remote.HttpCommandExecutor.execute(HttpCommandExecutor.java:158)
	at org.openqa.selenium.remote.service.DriverCommandExecutor.execute(DriverCommandExecutor.java:83)
	at org.openqa.selenium.remote.RemoteWebDriver.execute(RemoteWebDriver.java:552)
	at org.openqa.selenium.remote.RemoteWebDriver.execute(RemoteWebDriver.java:609)
	at org.openqa.selenium.remote.RemoteWebDriver.getScreenshotAs(RemoteWebDriver.java:295)
	at sample.ExtentReportsClass.getScreenshot(ExtentReportsClass.java:44)
	at FD360TC.SubmitDriverApplicationNoReport.getResult(SubmitDriverApplicationNoReport.java:1567)
	at sun.reflect.NativeMethodAccessorImpl.invoke0(Native Method)
	at sun.reflect.NativeMethodAccessorImpl.invoke(Unknown Source)
	at sun.reflect.DelegatingMethodAccessorImpl.invoke(Unknown Source)
	at java.lang.reflect.Method.invoke(Unknown Source)
	at org.testng.internal.MethodInvocationHelper.invokeMethod(MethodInvocationHelper.java:108)
	at org.testng.internal.Invoker.invokeConfigurationMethod(Invoker.java:523)
	at org.testng.internal.Invoker.invokeConfigurations(Invoker.java:224)
	at org.testng.internal.Invoker.invokeMethod(Invoker.java:723)
	at org.testng.internal.Invoker.invokeTestMethod(Invoker.java:869)
	at org.testng.internal.Invoker.invokeTestMethods(Invoker.java:1193)
	at org.testng.internal.TestMethodWorker.invokeTestMethods(TestMethodWorker.java:126)
	at org.testng.internal.TestMethodWorker.run(TestMethodWorker.java:109)
	at org.testng.TestRunner.privateRun(TestRunner.java:744)
	at org.testng.TestRunner.run(TestRunner.java:602)
	at org.testng.SuiteRunner.runTest(SuiteRunner.java:380)
	at org.testng.SuiteRunner.runSequentially(SuiteRunner.java:375)
	at org.testng.SuiteRunner.privateRun(SuiteRunner.java:340)
	at org.testng.SuiteRunner.run(SuiteRunner.java:289)
	at org.testng.SuiteRunnerWorker.runSuite(SuiteRunnerWorker.java:52)
	at org.testng.SuiteRunnerWorker.run(SuiteRunnerWorker.java:86)
	at org.testng.TestNG.runSuitesSequentially(TestNG.java:1301)
	at org.testng.TestNG.runSuitesLocally(TestNG.java:1226)
	at org.testng.TestNG.runSuites(TestNG.java:1144)
	at org.testng.TestNG.run(TestNG.java:1115)
	at org.testng.remote.AbstractRemoteTestNG.run(AbstractRemoteTestNG.java:132)
	at org.testng.remote.RemoteTestNG.initAndRun(RemoteTestNG.java:230)
	at org.testng.remote.RemoteTestNG.main(RemoteTestNG.java:76)
]]>
    </error>
  </testcase> <!-- getResult -->
  <testcase name="Verify_Driver_login" time="12.485" classname="FD360TC.SubmitDriverApplicationNoReport"/>
  <testcase name="Verify_DriverUN" time="0.445" classname="FD360TC.SubmitDriverApplicationNoReport"/>
  <testcase name="Verify_DriverPSWD" time="0.450" classname="FD360TC.SubmitDriverApplicationNoReport"/>
  <testcase name="Verify_ClickLoginButton" time="0.586" classname="FD360TC.SubmitDriverApplicationNoReport"/>
  <testcase name="Verify_Choose_Option" time="10.369" classname="FD360TC.SubmitDriverApplicationNoReport">
    <error type="org.openqa.selenium.NoSuchElementException" message="no such element: Unable to locate element: {&quot;method&quot;:&quot;xpath&quot;,&quot;selector&quot;:&quot;//input[@name=&#039;Online_Application&#039;]&quot;}
  (Session info: chrome=112.0.5615.138)
For documentation on this error, please visit: https://www.seleniumhq.org/exceptions/no_such_element.html
Build info: version: &#039;3.141.59&#039;, revision: &#039;e82be7d358&#039;, time: &#039;2018-11-14T08:25:53&#039;
System info: host: &#039;DESKTOP-AFGBJ45&#039;, ip: &#039;192.168.86.199&#039;, os.name: &#039;Windows 10&#039;, os.arch: &#039;amd64&#039;, os.version: &#039;10.0&#039;, java.version: &#039;1.8.0_202&#039;
Driver info: org.openqa.selenium.chrome.ChromeDriver
Capabilities {acceptInsecureCerts: false, browserName: chrome, browserVersion: 112.0.5615.138, chrome: {chromedriverVersion: 111.0.5563.64 (c710e93d5b63..., userDataDir: C:\Users\VEERES~1\AppData\L...}, goog:chromeOptions: {debuggerAddress: localhost:51400}, javascriptEnabled: true, networkConnectionEnabled: false, pageLoadStrategy: normal, platform: WINDOWS, platformName: WINDOWS, proxy: Proxy(), setWindowRect: true, strictFileInteractability: false, timeouts: {implicit: 0, pageLoad: 300000, script: 30000}, unhandledPromptBehavior: dismiss and notify, webauthn:extension:credBlob: true, webauthn:extension:largeBlob: true, webauthn:extension:minPinLength: true, webauthn:extension:prf: true, webauthn:virtualAuthenticators: true}
Session ID: fe3fcba944fb55a2d105a30935eaa92a
*** Element info: {Using=xpath, value=//input[@name=&#039;Online_Application&#039;]}">
      <![CDATA[org.openqa.selenium.NoSuchElementException: no such element: Unable to locate element: {"method":"xpath","selector":"//input[@name='Online_Application']"}
  (Session info: chrome=112.0.5615.138)
For documentation on this error, please visit: https://www.seleniumhq.org/exceptions/no_such_element.html
Build info: version: '3.141.59', revision: 'e82be7d358', time: '2018-11-14T08:25:53'
System info: host: 'DESKTOP-AFGBJ45', ip: '192.168.86.199', os.name: 'Windows 10', os.arch: 'amd64', os.version: '10.0', java.version: '1.8.0_202'
Driver info: org.openqa.selenium.chrome.ChromeDriver
Capabilities {acceptInsecureCerts: false, browserName: chrome, browserVersion: 112.0.5615.138, chrome: {chromedriverVersion: 111.0.5563.64 (c710e93d5b63..., userDataDir: C:\Users\VEERES~1\AppData\L...}, goog:chromeOptions: {debuggerAddress: localhost:51400}, javascriptEnabled: true, networkConnectionEnabled: false, pageLoadStrategy: normal, platform: WINDOWS, platformName: WINDOWS, proxy: Proxy(), setWindowRect: true, strictFileInteractability: false, timeouts: {implicit: 0, pageLoad: 300000, script: 30000}, unhandledPromptBehavior: dismiss and notify, webauthn:extension:credBlob: true, webauthn:extension:largeBlob: true, webauthn:extension:minPinLength: true, webauthn:extension:prf: true, webauthn:virtualAuthenticators: true}
Session ID: fe3fcba944fb55a2d105a30935eaa92a
*** Element info: {Using=xpath, value=//input[@name='Online_Application']}
	at sun.reflect.NativeConstructorAccessorImpl.newInstance0(Native Method)
	at sun.reflect.NativeConstructorAccessorImpl.newInstance(Unknown Source)
	at sun.reflect.DelegatingConstructorAccessorImpl.newInstance(Unknown Source)
	at java.lang.reflect.Constructor.newInstance(Unknown Source)
	at org.openqa.selenium.remote.http.W3CHttpResponseCodec.createException(W3CHttpResponseCodec.java:187)
	at org.openqa.selenium.remote.http.W3CHttpResponseCodec.decode(W3CHttpResponseCodec.java:122)
	at org.openqa.selenium.remote.http.W3CHttpResponseCodec.decode(W3CHttpResponseCodec.java:49)
	at org.openqa.selenium.remote.HttpCommandExecutor.execute(HttpCommandExecutor.java:158)
	at org.openqa.selenium.remote.service.DriverCommandExecutor.execute(DriverCommandExecutor.java:83)
	at org.openqa.selenium.remote.RemoteWebDriver.execute(RemoteWebDriver.java:552)
	at org.openqa.selenium.remote.RemoteWebDriver.findElement(RemoteWebDriver.java:323)
	at org.openqa.selenium.remote.RemoteWebDriver.findElementByXPath(RemoteWebDriver.java:428)
	at org.openqa.selenium.By$ByXPath.findElement(By.java:353)
	at org.openqa.selenium.remote.RemoteWebDriver.findElement(RemoteWebDriver.java:315)
	at FD360TC.SubmitDriverApplicationNoReport.Verify_Choose_Option(SubmitDriverApplicationNoReport.java:533)
	at sun.reflect.NativeMethodAccessorImpl.invoke0(Native Method)
	at sun.reflect.NativeMethodAccessorImpl.invoke(Unknown Source)
	at sun.reflect.DelegatingMethodAccessorImpl.invoke(Unknown Source)
	at java.lang.reflect.Method.invoke(Unknown Source)
	at org.testng.internal.MethodInvocationHelper.invokeMethod(MethodInvocationHelper.java:108)
	at org.testng.internal.Invoker.invokeMethod(Invoker.java:661)
	at org.testng.internal.Invoker.invokeTestMethod(Invoker.java:869)
	at org.testng.internal.Invoker.invokeTestMethods(Invoker.java:1193)
	at org.testng.internal.TestMethodWorker.invokeTestMethods(TestMethodWorker.java:126)
	at org.testng.internal.TestMethodWorker.run(TestMethodWorker.java:109)
	at org.testng.TestRunner.privateRun(TestRunner.java:744)
	at org.testng.TestRunner.run(TestRunner.java:602)
	at org.testng.SuiteRunner.runTest(SuiteRunner.java:380)
	at org.testng.SuiteRunner.runSequentially(SuiteRunner.java:375)
	at org.testng.SuiteRunner.privateRun(SuiteRunner.java:340)
	at org.testng.SuiteRunner.run(SuiteRunner.java:289)
	at org.testng.SuiteRunnerWorker.runSuite(SuiteRunnerWorker.java:52)
	at org.testng.SuiteRunnerWorker.run(SuiteRunnerWorker.java:86)
	at org.testng.TestNG.runSuitesSequentially(TestNG.java:1301)
	at org.testng.TestNG.runSuitesLocally(TestNG.java:1226)
	at org.testng.TestNG.runSuites(TestNG.java:1144)
	at org.testng.TestNG.run(TestNG.java:1115)
	at org.testng.remote.AbstractRemoteTestNG.run(AbstractRemoteTestNG.java:132)
	at org.testng.remote.RemoteTestNG.initAndRun(RemoteTestNG.java:230)
	at org.testng.remote.RemoteTestNG.main(RemoteTestNG.java:76)
]]>
    </error>
  </testcase> <!-- Verify_Choose_Option -->
  <testcase name="Verify_FillDriverinfo" time="0.455" classname="FD360TC.SubmitDriverApplicationNoReport"/>
  <testcase name="Verify_SSN_Number" time="0.664" classname="FD360TC.SubmitDriverApplicationNoReport"/>
  <testcase name="Verify_Phone_Number" time="0.337" classname="FD360TC.SubmitDriverApplicationNoReport"/>
  <testcase name="Verify_click_Next" time="6.023" classname="FD360TC.SubmitDriverApplicationNoReport"/>
  <testcase name="Verify_Enter_Address_Line12" time="0.001" classname="FD360TC.SubmitDriverApplicationNoReport">
    <skipped/>
  </testcase> <!-- Verify_Enter_Address_Line12 -->
  <testcase name="Verify_EnterCity" time="0.000" classname="FD360TC.SubmitDriverApplicationNoReport">
    <skipped/>
  </testcase> <!-- Verify_EnterCity -->
  <testcase name="Verify_Select_State" time="0.000" classname="FD360TC.SubmitDriverApplicationNoReport">
    <skipped/>
  </testcase> <!-- Verify_Select_State -->
  <testcase name="Verify_Zipcode" time="0.000" classname="FD360TC.SubmitDriverApplicationNoReport">
    <skipped/>
  </testcase> <!-- Verify_Zipcode -->
  <testcase name="Verify_NoOfYrAtThisAddress" time="0.000" classname="FD360TC.SubmitDriverApplicationNoReport">
    <skipped/>
  </testcase> <!-- Verify_NoOfYrAtThisAddress -->
  <testcase name="Verify_AddressNext" time="0.000" classname="FD360TC.SubmitDriverApplicationNoReport">
    <skipped/>
  </testcase> <!-- Verify_AddressNext -->
  <testcase name="DriverLicenseDetails" time="0.000" classname="FD360TC.SubmitDriverApplicationNoReport">
    <skipped/>
  </testcase> <!-- DriverLicenseDetails -->
  <testcase name="CurrentDL_Class" time="0.000" classname="FD360TC.SubmitDriverApplicationNoReport">
    <skipped/>
  </testcase> <!-- CurrentDL_Class -->
  <testcase name="IssueDate" time="0.000" classname="FD360TC.SubmitDriverApplicationNoReport">
    <skipped/>
  </testcase> <!-- IssueDate -->
  <testcase name="ExpDate" time="0.000" classname="FD360TC.SubmitDriverApplicationNoReport">
    <skipped/>
  </testcase> <!-- ExpDate -->
  <testcase name="Restrictions" time="0.000" classname="FD360TC.SubmitDriverApplicationNoReport">
    <skipped/>
  </testcase> <!-- Restrictions -->
  <testcase name="Endorsements" time="0.000" classname="FD360TC.SubmitDriverApplicationNoReport">
    <skipped/>
  </testcase> <!-- Endorsements -->
  <testcase name="DLNextButton" time="0.000" classname="FD360TC.SubmitDriverApplicationNoReport">
    <skipped/>
  </testcase> <!-- DLNextButton -->
  <testcase name="CD_Experience" time="0.000" classname="FD360TC.SubmitDriverApplicationNoReport">
    <skipped/>
  </testcase> <!-- CD_Experience -->
  <testcase name="From_Date" time="0.000" classname="FD360TC.SubmitDriverApplicationNoReport">
    <skipped/>
  </testcase> <!-- From_Date -->
  <testcase name="ToDate" time="0.000" classname="FD360TC.SubmitDriverApplicationNoReport">
    <skipped/>
  </testcase> <!-- ToDate -->
  <testcase name="Approximate_Total_Miles" time="0.001" classname="FD360TC.SubmitDriverApplicationNoReport">
    <skipped/>
  </testcase> <!-- Approximate_Total_Miles -->
  <testcase name="EquipmentExperienceNextButton" time="0.000" classname="FD360TC.SubmitDriverApplicationNoReport">
    <skipped/>
  </testcase> <!-- EquipmentExperienceNextButton -->
  <testcase name="HaveCemmercialDrivingExpNo" time="0.000" classname="FD360TC.SubmitDriverApplicationNoReport">
    <skipped/>
  </testcase> <!-- HaveCemmercialDrivingExpNo -->
  <testcase name="Traffic_ViolationNo" time="0.000" classname="FD360TC.SubmitDriverApplicationNoReport">
    <skipped/>
  </testcase> <!-- Traffic_ViolationNo -->
  <testcase name="Operate_motor_vehicle_ever_been_suspended_No" time="0.000" classname="FD360TC.SubmitDriverApplicationNoReport">
    <skipped/>
  </testcase> <!-- Operate_motor_vehicle_ever_been_suspended_No -->
  <testcase name="EverBeenDeniedLicence_no" time="0.000" classname="FD360TC.SubmitDriverApplicationNoReport">
    <skipped/>
  </testcase> <!-- EverBeenDeniedLicence_no -->
  <testcase name="Adverse_Licensing_Actions_Next" time="0.000" classname="FD360TC.SubmitDriverApplicationNoReport">
    <skipped/>
  </testcase> <!-- Adverse_Licensing_Actions_Next -->
  <testcase name="involvedInAccidents_yes" time="0.000" classname="FD360TC.SubmitDriverApplicationNoReport">
    <skipped/>
  </testcase> <!-- involvedInAccidents_yes -->
  <testcase name="Hazmat_Spill_No" time="0.000" classname="FD360TC.SubmitDriverApplicationNoReport">
    <skipped/>
  </testcase> <!-- Hazmat_Spill_No -->
  <testcase name="Accident_HistoryNext" time="0.000" classname="FD360TC.SubmitDriverApplicationNoReport">
    <skipped/>
  </testcase> <!-- Accident_HistoryNext -->
  <testcase name="UploadMedicalCertificate" time="0.000" classname="FD360TC.SubmitDriverApplicationNoReport">
    <skipped/>
  </testcase> <!-- UploadMedicalCertificate -->
  <testcase name="MedicalCertificateIssueDate" time="0.000" classname="FD360TC.SubmitDriverApplicationNoReport">
    <skipped/>
  </testcase> <!-- MedicalCertificateIssueDate -->
  <testcase name="MedicalCertificateExpDate" time="0.000" classname="FD360TC.SubmitDriverApplicationNoReport">
    <skipped/>
  </testcase> <!-- MedicalCertificateExpDate -->
  <testcase name="NameOfMedicalExaminer" time="0.000" classname="FD360TC.SubmitDriverApplicationNoReport">
    <skipped/>
  </testcase> <!-- NameOfMedicalExaminer -->
  <testcase name="ExaminarNationalRegNumber" time="0.000" classname="FD360TC.SubmitDriverApplicationNoReport">
    <skipped/>
  </testcase> <!-- ExaminarNationalRegNumber -->
  <testcase name="LimitAbilityToPerformNo" time="0.000" classname="FD360TC.SubmitDriverApplicationNoReport">
    <skipped/>
  </testcase> <!-- LimitAbilityToPerformNo -->
  <testcase name="Past3YrsEverTestedPositiveNo" time="0.000" classname="FD360TC.SubmitDriverApplicationNoReport">
    <skipped/>
  </testcase> <!-- Past3YrsEverTestedPositiveNo -->
  <testcase name="Refused_to_take_TestNo" time="0.000" classname="FD360TC.SubmitDriverApplicationNoReport">
    <skipped/>
  </testcase> <!-- Refused_to_take_TestNo -->
  <testcase name="DOT_Physical_and_Medical_Certificate_Next" time="0.000" classname="FD360TC.SubmitDriverApplicationNoReport">
    <skipped/>
  </testcase> <!-- DOT_Physical_and_Medical_Certificate_Next -->
  <testcase name="Consent_Forms" time="0.000" classname="FD360TC.SubmitDriverApplicationNoReport">
    <skipped/>
  </testcase> <!-- Consent_Forms -->
  <testcase name="signature" time="0.000" classname="FD360TC.SubmitDriverApplicationNoReport">
    <skipped/>
  </testcase> <!-- signature -->
  <testcase name="ConsentForms_Next" time="0.000" classname="FD360TC.SubmitDriverApplicationNoReport">
    <skipped/>
  </testcase> <!-- ConsentForms_Next -->
  <testcase name="ToBeReadAndSignedByApplicant" time="0.000" classname="FD360TC.SubmitDriverApplicationNoReport">
    <skipped/>
  </testcase> <!-- ToBeReadAndSignedByApplicant -->
  <testcase name="signature2" time="0.000" classname="FD360TC.SubmitDriverApplicationNoReport">
    <skipped/>
  </testcase> <!-- signature2 -->
  <testcase name="ToBeReadAndSignedByApplicant_submit" time="0.000" classname="FD360TC.SubmitDriverApplicationNoReport">
    <skipped/>
  </testcase> <!-- ToBeReadAndSignedByApplicant_submit -->
  <testcase name="ApplicationStatus" time="0.000" classname="FD360TC.SubmitDriverApplicationNoReport">
    <skipped/>
  </testcase> <!-- ApplicationStatus -->
  <testcase name="downloadDriverApplication" time="0.000" classname="FD360TC.SubmitDriverApplicationNoReport">
    <skipped/>
  </testcase> <!-- downloadDriverApplication -->
</testsuite> <!-- FD360TC.SubmitDriverApplicationNoReport -->
